This is XeTeX, Version 3.14159265-2.6-0.99998 (TeX Live 2017/Debian) (preloaded format=xelatex 2020.6.5)  9 JUN 2020 22:59
entering extended mode
 restricted \write18 enabled.
 %&-line parsing enabled.
**dummy.xtx
(./dummy.xtx
LaTeX2e <2017-04-15>
Babel <3.18> and hyphenation patterns for 84 language(s) loaded.

! LaTeX Error: File `deedy-resume-openfont.cls' not found.

Type X to quit or <RETURN> to proceed,
or enter new name. (Default extension: cls)

Enter file name: x

 )
(\end occurred when \ifx on line 49 was incomplete)
(\end occurred when \ifx on line 49 was incomplete) 
Here is how much of TeX's memory you used:
 10 strings out of 493007
 151 string characters out of 6136720
 61812 words of memory out of 5000000
 4078 multiletter control sequences out of 15000+600000
 3640 words of font info for 14 fonts, out of 8000000 for 9000
 1348 hyphenation exceptions out of 8191
 10i,0n,7p,92b,8s stack positions out of 5000i,500n,10000p,200000b,80000s

No pages of output.
